<?xml version="1.0" encoding="UTF-8"?>
<testng-results ignored="0" total="1" passed="1" failed="0" skipped="0">
  <reporter-output>
  </reporter-output>
  <suite started-at="2023-08-11T17:18:26 IST" name="Default suite" finished-at="2023-08-11T17:22:35 IST" duration-ms="248855">
    <groups>
    </groups>
    <test started-at="2023-08-11T17:18:26 IST" name="Default test" finished-at="2023-08-11T17:22:35 IST" duration-ms="248855">
      <class name="DataDrivenFW.Swag_Labs">
        <test-method signature="test()[pri:0, instance:DataDrivenFW.Swag_Labs@6b2ea799]" started-at="2023-08-11T17:18:27 IST" name="test" finished-at="2023-08-11T17:22:35 IST" duration-ms="248781" status="PASS">
          <reporter-output>
          </reporter-output>
        </test-method> <!-- test -->
      </class> <!-- DataDrivenFW.Swag_Labs -->
    </test> <!-- Default test -->
  </suite> <!-- Default suite -->
</testng-results>
